<?xml version="1.0" encoding="UTF-8"?>
<!-- Generated by org.testng.reporters.JUnitXMLReporter -->
<testsuite hostname="NB-267" name="Surefire test" tests="5" failures="0" timestamp="26 Aug 2016 10:20:27 GMT" time="0.065" errors="0">
  <testcase name="addition" time="0.029" classname="org.song.example.CalcTest"/>
  <testcase name="division" time="0.001" classname="org.song.example.CalcTest"/>
  <testcase name="multiplication" time="0.001" classname="org.song.example.CalcTest"/>
  <testcase name="subtraction" time="0.001" classname="org.song.example.CalcTest"/>
  <testcase name="reverse" time="0.001" classname="org.song.example.TextTest"/>
</testsuite> <!-- Surefire test -->
