<?xml version="1.0" encoding="UTF-8"?>
<testng-results skipped="0" failed="0" total="5" passed="5">
  <reporter-output>
  </reporter-output>
  <suite name="Surefire suite" duration-ms="65" started-at="2016-08-26T10:20:26Z" finished-at="2016-08-26T10:20:26Z">
    <groups>
    </groups>
    <test name="Surefire test" duration-ms="65" started-at="2016-08-26T10:20:26Z" finished-at="2016-08-26T10:20:26Z">
      <class name="org.song.example.TextTest">
        <test-method status="PASS" signature="reverse()[pri:0, instance:org.song.example.TextTest@1139b2f3]" name="reverse" duration-ms="1" started-at="2016-08-26T13:20:26Z" finished-at="2016-08-26T13:20:26Z">
          <reporter-output>
          </reporter-output>
        </test-method> <!-- reverse -->
      </class> <!-- org.song.example.TextTest -->
      <class name="org.song.example.CalcTest">
        <test-method status="PASS" signature="addition()[pri:0, instance:org.song.example.CalcTest@7714e963]" name="addition" duration-ms="29" started-at="2016-08-26T13:20:26Z" finished-at="2016-08-26T13:20:26Z">
          <reporter-output>
          </reporter-output>
        </test-method> <!-- addition -->
        <test-method status="PASS" signature="division()[pri:0, instance:org.song.example.CalcTest@7714e963]" name="division" duration-ms="1" started-at="2016-08-26T13:20:26Z" finished-at="2016-08-26T13:20:26Z">
          <reporter-output>
          </reporter-output>
        </test-method> <!-- division -->
        <test-method status="PASS" signature="multiplication()[pri:0, instance:org.song.example.CalcTest@7714e963]" name="multiplication" duration-ms="1" started-at="2016-08-26T13:20:26Z" finished-at="2016-08-26T13:20:26Z">
          <reporter-output>
          </reporter-output>
        </test-method> <!-- multiplication -->
        <test-method status="PASS" signature="subtraction()[pri:0, instance:org.song.example.CalcTest@7714e963]" name="subtraction" duration-ms="1" started-at="2016-08-26T13:20:26Z" finished-at="2016-08-26T13:20:26Z">
          <reporter-output>
          </reporter-output>
        </test-method> <!-- subtraction -->
      </class> <!-- org.song.example.CalcTest -->
    </test> <!-- Surefire test -->
  </suite> <!-- Surefire suite -->
</testng-results>
